# JRE version: Java(TM) SE Runtime Environment (8.0_231-b11) (build 1.8.0_231-b11)
# Java VM: Java HotSpot(TM) 64-Bit Server VM (25.231-b11 mixed mode windows-amd64 compressed oops)
Heap:
 PSYoungGen      total 215040K, used 92660K [0x000000076da00000, 0x000000077b900000, 0x00000007c0000000)
  eden space 201728K, 45% used [0x000000076da00000,0x00000007734453c0,0x0000000779f00000)
  from space 13312K, 1% used [0x0000000779f00000,0x0000000779f38000,0x000000077ac00000)
  to   space 13312K, 0% used [0x000000077ac00000,0x000000077ac00000,0x000000077b900000)
 ParOldGen       total 169472K, used 14616K [0x00000006c8e00000, 0x00000006d3380000, 0x000000076da00000)
  object space 169472K, 8% used [0x00000006c8e00000,0x00000006c9c461a8,0x00000006d3380000)
 Metaspace       used 15365K, capacity 16132K, committed 16256K, reserved 1062912K
  class space    used 2176K, capacity 2378K, committed 2432K, reserved 1048576K
GC Heap History (10 events):
Event: 9.541 GC heap before
{Heap before GC invocations=7 (full 0):
 PSYoungGen      total 138752K, used 136529K [0x000000076da00000, 0x0000000776c00000, 0x00000007c0000000)
  eden space 128000K, 100% used [0x000000076da00000,0x0000000775700000,0x0000000775700000)
  from space 10752K, 79% used [0x0000000776180000,0x00000007769d45e0,0x0000000776c00000)
  to   space 10752K, 0% used [0x0000000775700000,0x0000000775700000,0x0000000776180000)
 ParOldGen       total 169472K, used 4144K [0x00000006c8e00000, 0x00000006d3380000, 0x000000076da00000)
  object space 169472K, 2% used [0x00000006c8e00000,0x00000006c920c020,0x00000006d3380000)
 Metaspace       used 15356K, capacity 16132K, committed 16256K, reserved 1062912K
  class space    used 2176K, capacity 2378K, committed 2432K, reserved 1048576K
Event: 9.568 GC heap after
Heap after GC invocations=7 (full 0):
 PSYoungGen      total 138752K, used 288K [0x000000076da00000, 0x0000000776c00000, 0x00000007c0000000)
  eden space 128000K, 0% used [0x000000076da00000,0x000000076da00000,0x0000000775700000)
  from space 10752K, 2% used [0x0000000775700000,0x0000000775748000,0x0000000776180000)
  to   space 10752K, 0% used [0x0000000776180000,0x0000000776180000,0x0000000776c00000)
 ParOldGen       total 169472K, used 14560K [0x00000006c8e00000, 0x00000006d3380000, 0x000000076da00000)
  object space 169472K, 8% used [0x00000006c8e00000,0x00000006c9c381a8,0x00000006d3380000)
 Metaspace       used 15356K, capacity 16132K, committed 16256K, reserved 1062912K
  class space    used 2176K, capacity 2378K, committed 2432K, reserved 1048576K
}
Event: 11.537 GC heap before
{Heap before GC invocations=8 (full 0):
 PSYoungGen      total 138752K, used 128001K [0x000000076da00000, 0x0000000776c00000, 0x00000007c0000000)
  eden space 128000K, 99% used [0x000000076da00000,0x00000007756b87d0,0x0000000775700000)
  from space 10752K, 2% used [0x0000000775700000,0x0000000775748000,0x0000000776180000)
  to   space 10752K, 0% used [0x0000000776180000,0x0000000776180000,0x0000000776c00000)
 ParOldGen       total 169472K, used 14560K [0x00000006c8e00000, 0x00000006d3380000, 0x000000076da00000)
  object space 169472K, 8% used [0x00000006c8e00000,0x00000006c9c381a8,0x00000006d3380000)
 Metaspace       used 15358K, capacity 16132K, committed 16256K, reserved 1062912K
  class space    used 2176K, capacity 2378K, committed 2432K, reserved 1048576K
Event: 11.559 GC heap after
Heap after GC invocations=8 (full 0):
 PSYoungGen      total 136704K, used 192K [0x000000076da00000, 0x000000077ed00000, 0x00000007c0000000)
  eden space 125952K, 0% used [0x000000076da00000,0x000000076da00000,0x0000000775500000)
  from space 10752K, 1% used [0x0000000776180000,0x00000007761b0000,0x0000000776c00000)
  to   space 12800K, 0% used [0x0000000775500000,0x0000000775500000,0x0000000776180000)
 ParOldGen       total 169472K, used 14592K [0x00000006c8e00000, 0x00000006d3380000, 0x000000076da00000)
  object space 169472K, 8% used [0x00000006c8e00000,0x00000006c9c401a8,0x00000006d3380000)
 Metaspace       used 15358K, capacity 16132K, committed 16256K, reserved 1062912K
  class space    used 2176K, capacity 2378K, committed 2432K, reserved 1048576K
}
Event: 13.657 GC heap before
{Heap before GC invocations=9 (full 0):
 PSYoungGen      total 136704K, used 125966K [0x000000076da00000, 0x000000077ed00000, 0x00000007c0000000)
  eden space 125952K, 99% used [0x000000076da00000,0x00000007754d38d0,0x0000000775500000)
  from space 10752K, 1% used [0x0000000776180000,0x00000007761b0000,0x0000000776c00000)
  to   space 12800K, 0% used [0x0000000775500000,0x0000000775500000,0x0000000776180000)
 ParOldGen       total 169472K, used 14592K [0x00000006c8e00000, 0x00000006d3380000, 0x000000076da00000)
  object space 169472K, 8% used [0x00000006c8e00000,0x00000006c9c401a8,0x00000006d3380000)
 Metaspace       used 15358K, capacity 16132K, committed 16256K, reserved 1062912K
  class space    used 2176K, capacity 2378K, committed 2432K, reserved 1048576K
Event: 13.715 GC heap after
Heap after GC invocations=9 (full 0):
 PSYoungGen      total 138752K, used 128K [0x000000076da00000, 0x000000077b900000, 0x00000007c0000000)
  eden space 125952K, 0% used [0x000000076da00000,0x000000076da00000,0x0000000775500000)
  from space 12800K, 1% used [0x0000000775500000,0x0000000775520000,0x0000000776180000)
  to   space 13312K, 0% used [0x000000077ac00000,0x000000077ac00000,0x000000077b900000)
 ParOldGen       total 169472K, used 14592K [0x00000006c8e00000, 0x00000006d3380000, 0x000000076da00000)
  object space 169472K, 8% used [0x00000006c8e00000,0x00000006c9c401a8,0x00000006d3380000)
 Metaspace       used 15358K, capacity 16132K, committed 16256K, reserved 1062912K
  class space    used 2176K, capacity 2378K, committed 2432K, reserved 1048576K
}
Event: 15.633 GC heap before
{Heap before GC invocations=10 (full 0):
 PSYoungGen      total 138752K, used 126080K [0x000000076da00000, 0x000000077b900000, 0x00000007c0000000)
  eden space 125952K, 100% used [0x000000076da00000,0x0000000775500000,0x0000000775500000)
  from space 12800K, 1% used [0x0000000775500000,0x0000000775520000,0x0000000776180000)
  to   space 13312K, 0% used [0x000000077ac00000,0x000000077ac00000,0x000000077b900000)
 ParOldGen       total 169472K, used 14592K [0x00000006c8e00000, 0x00000006d3380000, 0x000000076da00000)
  object space 169472K, 8% used [0x00000006c8e00000,0x00000006c9c401a8,0x00000006d3380000)
 Metaspace       used 15364K, capacity 16132K, committed 16256K, reserved 1062912K
  class space    used 2176K, capacity 2378K, committed 2432K, reserved 1048576K
Event: 15.648 GC heap after
Heap after GC invocations=10 (full 0):
 PSYoungGen      total 215040K, used 192K [0x000000076da00000, 0x000000077b900000, 0x00000007c0000000)
  eden space 201728K, 0% used [0x000000076da00000,0x000000076da00000,0x0000000779f00000)
  from space 13312K, 1% used [0x000000077ac00000,0x000000077ac30000,0x000000077b900000)
  to   space 13312K, 0% used [0x0000000779f00000,0x0000000779f00000,0x000000077ac00000)
 ParOldGen       total 169472K, used 14608K [0x00000006c8e00000, 0x00000006d3380000, 0x000000076da00000)
  object space 169472K, 8% used [0x00000006c8e00000,0x00000006c9c441a8,0x00000006d3380000)
 Metaspace       used 15364K, capacity 16132K, committed 16256K, reserved 1062912K
  class space    used 2176K, capacity 2378K, committed 2432K, reserved 1048576K
}
Event: 19.050 GC heap before
{Heap before GC invocations=11 (full 0):
 PSYoungGen      total 215040K, used 201920K [0x000000076da00000, 0x000000077b900000, 0x00000007c0000000)
  eden space 201728K, 100% used [0x000000076da00000,0x0000000779f00000,0x0000000779f00000)
  from space 13312K, 1% used [0x000000077ac00000,0x000000077ac30000,0x000000077b900000)
  to   space 13312K, 0% used [0x0000000779f00000,0x0000000779f00000,0x000000077ac00000)
 ParOldGen       total 169472K, used 14608K [0x00000006c8e00000, 0x00000006d3380000, 0x000000076da00000)
  object space 169472K, 8% used [0x00000006c8e00000,0x00000006c9c441a8,0x00000006d3380000)
 Metaspace       used 15365K, capacity 16132K, committed 16256K, reserved 1062912K
  class space    used 2176K, capacity 2378K, committed 2432K, reserved 1048576K
Event: 19.057 GC heap after
Heap after GC invocations=11 (full 0):
 PSYoungGen      total 215040K, used 224K [0x000000076da00000, 0x000000077b900000, 0x00000007c0000000)
  eden space 201728K, 0% used [0x000000076da00000,0x000000076da00000,0x0000000779f00000)
  from space 13312K, 1% used [0x0000000779f00000,0x0000000779f38000,0x000000077ac00000)
  to   space 13312K, 0% used [0x000000077ac00000,0x000000077ac00000,0x000000077b900000)
 ParOldGen       total 169472K, used 14616K [0x00000006c8e00000, 0x00000006d3380000, 0x000000076da00000)
  object space 169472K, 8% used [0x00000006c8e00000,0x00000006c9c461a8,0x00000006d3380000)
 Metaspace       used 15365K, capacity 16132K, committed 16256K, reserved 1062912K
  class space    used 2176K, capacity 2378K, committed 2432K, reserved 1048576K
}

